Total value: 40007
Total cost: 31607

0  305 205
1  101 1
2  219 119
4  287 187
5  467 367
6  1097 997
8  122 22
10  447 347
12  622 522
13  222 122
15  586 486
16  805 705
18  332 232
19  563 463
20  654 554
22  775 675
23  425 325
27  876 776
28  376 276
29  223 123
30  431 331
32  461 361
33  405 305
35  147 47
36  527 427
38  539 439
39  239 139
40  191 91
41  347 247
42  750 650
43  311 211
44  110 10
45  200 100
51  876 776
52  237 137
53  575 475
55  1037 937
57  201 101
58  199 99
61  851 751
63  630 530
64  197 97
65  340 240
68  326 226
70  341 241
71  131 31
72  684 584
73  713 613
74  448 348
75  981 881
76  575 475
78  278 178
79  812 712
80  741 641
81  510 410
83  257 157
84  350 250
85  924 824
88  201 101
91  822 722
92  187 87
94  752 652
95  471 371
97  437 337
98  154 54
99  985 885
100  609 509
101  304 204
102  1089 989
104  229 129
105  326 226
107  326 226
108  613 513
109  1021 921
110  301 201
111  637 537
112  327 227
113  212 112
114  182 82
116  396 296
117  492 392
120  637 537
125  179 79
126  742 642

