Total value: 73086
Total cost: 60386

0  670 570
2  219 119
3  996 896
5  467 367
13  222 122
15  586 486
16  805 705
17  923 823
20  654 554
23  425 325
25  1100 1000
26  507 407
28  376 276
29  223 123
30  431 331
31  456 356
33  405 305
34  898 798
35  147 47
39  239 139
40  191 91
43  311 211
44  110 10
46  938 838
47  727 627
50  943 843
51  876 776
52  237 137
53  575 475
55  1037 937
58  199 99
59  381 281
61  851 751
62  919 819
65  340 240
66  1075 975
68  326 226
70  341 241
72  684 584
76  575 475
80  741 641
81  510 410
82  998 898
83  257 157
87  342 242
88  201 101
89  572 472
91  822 722
94  752 652
95  471 371
97  437 337
101  304 204
102  1089 989
104  229 129
105  326 226
107  326 226
108  613 513
110  301 201
112  327 227
116  396 296
117  492 392
118  902 802
119  809 709
120  637 537
121  1040 940
123  1043 943
125  179 79
126  742 642
132  1004 904
141  736 636
144  610 510
145  490 390
147  241 141
148  676 576
150  650 550
152  604 504
157  823 723
158  279 179
159  823 723
160  870 770
161  767 667
164  698 598
165  587 487
166  985 885
167  690 590
168  339 239
169  470 370
170  137 37
172  998 898
174  1023 923
179  781 681
181  789 689
182  538 438
187  687 587
188  703 603
192  441 341
193  456 356
194  645 545
195  884 784
196  152 52
198  910 810
199  323 223
202  297 197
203  161 61
206  562 462
207  162 62
209  305 205
211  252 152
215  367 267
218  274 174
223  1039 939
225  619 519
226  1005 905
227  156 56
228  209 109
229  481 381
232  625 525
233  228 128
236  760 660
237  853 753
239  644 544
242  496 396
245  825 725
247  430 330
248  484 384
250  1081 981
255  719 619

